# JRE version: Java(TM) SE Runtime Environment (21.0+35) (build 21+35-LTS-2513)
# Java VM: Java HotSpot(TM) 64-Bit Server VM (21+35-LTS-2513, mixed mode, sharing, tiered, compressed oops, compressed class ptrs, g1 gc, windows-amd64)
GC Precious Log:
 CardTable entry size: 512
 Card Set container configuration: InlinePtr #cards 4 size 8 Array Of Cards #cards 16 size 48 Howl #buckets 8 coarsen threshold 3686 Howl Bitmap #cards 512 size 80 coarsen threshold 460 Card regions per heap region 1 cards per card region 4096
 CPUs: 8 total, 8 available
 Memory: 16155M
 Large Page Support: Disabled
 NUMA Support: Disabled
 Compressed Oops: Enabled (Zero based)
 Heap Region Size: 2M
 Heap Min Capacity: 8M
 Heap Initial Capacity: 254M
 Heap Max Capacity: 4040M
 Pre-touch: Disabled
 Parallel Workers: 8
 Concurrent Workers: 2
 Concurrent Refinement Workers: 8
 Periodic GC: Disabled
Heap:
 garbage-first heap   total 194560K, used 174593K [0x0000000703800000, 0x0000000800000000)
  region size 2048K, 34 young (69632K), 3 survivors (6144K)
 Metaspace       used 46015K, committed 46656K, reserved 1114112K
  class space    used 6317K, committed 6592K, reserved 1048576K
GC Heap History (20 events):
Event: 104.502 GC heap after
{Heap after GC invocations=178 (full 0):
 garbage-first heap   total 184320K, used 103788K [0x0000000703800000, 0x0000000800000000)
  region size 2048K, 4 young (8192K), 4 survivors (8192K)
 Metaspace       used 46015K, committed 46656K, reserved 1114112K
  class space    used 6317K, committed 6592K, reserved 1048576K
}
Event: 105.349 GC heap before
{Heap before GC invocations=178 (full 0):
 garbage-first heap   total 184320K, used 163180K [0x0000000703800000, 0x0000000800000000)
  region size 2048K, 33 young (67584K), 4 survivors (8192K)
 Metaspace       used 46015K, committed 46656K, reserved 1114112K
  class space    used 6317K, committed 6592K, reserved 1048576K
}
Event: 105.354 GC heap after
{Heap after GC invocations=179 (full 0):
 garbage-first heap   total 184320K, used 104087K [0x0000000703800000, 0x0000000800000000)
  region size 2048K, 3 young (6144K), 3 survivors (6144K)
 Metaspace       used 46015K, committed 46656K, reserved 1114112K
  class space    used 6317K, committed 6592K, reserved 1048576K
}
Event: 106.303 GC heap before
{Heap before GC invocations=179 (full 0):
 garbage-first heap   total 184320K, used 167575K [0x0000000703800000, 0x0000000800000000)
  region size 2048K, 34 young (69632K), 3 survivors (6144K)
 Metaspace       used 46015K, committed 46656K, reserved 1114112K
  class space    used 6317K, committed 6592K, reserved 1048576K
}
Event: 106.307 GC heap after
{Heap after GC invocations=180 (full 0):
 garbage-first heap   total 184320K, used 104791K [0x0000000703800000, 0x0000000800000000)
  region size 2048K, 3 young (6144K), 3 survivors (6144K)
 Metaspace       used 46015K, committed 46656K, reserved 1114112K
  class space    used 6317K, committed 6592K, reserved 1048576K
}
Event: 107.168 GC heap before
{Heap before GC invocations=181 (full 0):
 garbage-first heap   total 188416K, used 164183K [0x0000000703800000, 0x0000000800000000)
  region size 2048K, 32 young (65536K), 3 survivors (6144K)
 Metaspace       used 46015K, committed 46656K, reserved 1114112K
  class space    used 6317K, committed 6592K, reserved 1048576K
}
Event: 107.173 GC heap after
{Heap after GC invocations=182 (full 0):
 garbage-first heap   total 188416K, used 105918K [0x0000000703800000, 0x0000000800000000)
  region size 2048K, 3 young (6144K), 3 survivors (6144K)
 Metaspace       used 46015K, committed 46656K, reserved 1114112K
  class space    used 6317K, committed 6592K, reserved 1048576K
}
Event: 108.050 GC heap before
{Heap before GC invocations=182 (full 0):
 garbage-first heap   total 188416K, used 167358K [0x0000000703800000, 0x0000000800000000)
  region size 2048K, 33 young (67584K), 3 survivors (6144K)
 Metaspace       used 46015K, committed 46656K, reserved 1114112K
  class space    used 6317K, committed 6592K, reserved 1048576K
}
Event: 108.053 GC heap after
{Heap after GC invocations=183 (full 0):
 garbage-first heap   total 188416K, used 106709K [0x0000000703800000, 0x0000000800000000)
  region size 2048K, 3 young (6144K), 3 survivors (6144K)
 Metaspace       used 46015K, committed 46656K, reserved 1114112K
  class space    used 6317K, committed 6592K, reserved 1048576K
}
Event: 108.950 GC heap before
{Heap before GC invocations=184 (full 0):
 garbage-first heap   total 192512K, used 168149K [0x0000000703800000, 0x0000000800000000)
  region size 2048K, 33 young (67584K), 3 survivors (6144K)
 Metaspace       used 46015K, committed 46656K, reserved 1114112K
  class space    used 6317K, committed 6592K, reserved 1048576K
}
Event: 108.953 GC heap after
{Heap after GC invocations=185 (full 0):
 garbage-first heap   total 192512K, used 107099K [0x0000000703800000, 0x0000000800000000)
  region size 2048K, 3 young (6144K), 3 survivors (6144K)
 Metaspace       used 46015K, committed 46656K, reserved 1114112K
  class space    used 6317K, committed 6592K, reserved 1048576K
}
Event: 109.906 GC heap before
{Heap before GC invocations=185 (full 0):
 garbage-first heap   total 192512K, used 172635K [0x0000000703800000, 0x0000000800000000)
  region size 2048K, 35 young (71680K), 3 survivors (6144K)
 Metaspace       used 46015K, committed 46656K, reserved 1114112K
  class space    used 6317K, committed 6592K, reserved 1048576K
}
Event: 109.911 GC heap after
{Heap after GC invocations=186 (full 0):
 garbage-first heap   total 192512K, used 108479K [0x0000000703800000, 0x0000000800000000)
  region size 2048K, 4 young (8192K), 4 survivors (8192K)
 Metaspace       used 46015K, committed 46656K, reserved 1114112K
  class space    used 6317K, committed 6592K, reserved 1048576K
}
Event: 110.823 GC heap before
{Heap before GC invocations=187 (full 0):
 garbage-first heap   total 194560K, used 169919K [0x0000000703800000, 0x0000000800000000)
  region size 2048K, 34 young (69632K), 4 survivors (8192K)
 Metaspace       used 46015K, committed 46656K, reserved 1114112K
  class space    used 6317K, committed 6592K, reserved 1048576K
}
Event: 110.828 GC heap after
{Heap after GC invocations=188 (full 0):
 garbage-first heap   total 194560K, used 109261K [0x0000000703800000, 0x0000000800000000)
  region size 2048K, 3 young (6144K), 3 survivors (6144K)
 Metaspace       used 46015K, committed 46656K, reserved 1114112K
  class space    used 6317K, committed 6592K, reserved 1048576K
}
Event: 111.763 GC heap before
{Heap before GC invocations=188 (full 0):
 garbage-first heap   total 194560K, used 174797K [0x0000000703800000, 0x0000000800000000)
  region size 2048K, 35 young (71680K), 3 survivors (6144K)
 Metaspace       used 46015K, committed 46656K, reserved 1114112K
  class space    used 6317K, committed 6592K, reserved 1048576K
}
Event: 111.767 GC heap after
{Heap after GC invocations=189 (full 0):
 garbage-first heap   total 194560K, used 110249K [0x0000000703800000, 0x0000000800000000)
  region size 2048K, 3 young (6144K), 3 survivors (6144K)
 Metaspace       used 46015K, committed 46656K, reserved 1114112K
  class space    used 6317K, committed 6592K, reserved 1048576K
}
Event: 112.718 GC heap before
{Heap before GC invocations=190 (full 0):
 garbage-first heap   total 194560K, used 175785K [0x0000000703800000, 0x0000000800000000)
  region size 2048K, 35 young (71680K), 3 survivors (6144K)
 Metaspace       used 46015K, committed 46656K, reserved 1114112K
  class space    used 6317K, committed 6592K, reserved 1048576K
}
Event: 112.722 GC heap after
{Heap after GC invocations=191 (full 0):
 garbage-first heap   total 194560K, used 111105K [0x0000000703800000, 0x0000000800000000)
  region size 2048K, 3 young (6144K), 3 survivors (6144K)
 Metaspace       used 46015K, committed 46656K, reserved 1114112K
  class space    used 6317K, committed 6592K, reserved 1048576K
}
Event: 113.633 GC heap before
{Heap before GC invocations=191 (full 0):
 garbage-first heap   total 194560K, used 174593K [0x0000000703800000, 0x0000000800000000)
  region size 2048K, 34 young (69632K), 3 survivors (6144K)
 Metaspace       used 46015K, committed 46656K, reserved 1114112K
  class space    used 6317K, committed 6592K, reserved 1048576K
}

